TN:
SF:src/math.js
FN:2,add
FN:7,subtract
FN:12,multiply
FN:17,divide
FN:22,myFunction
FN:28,fetchData
FN:29,(anonymous_6)
FN:34,fetchPromise
FN:35,(anonymous_8)
FN:36,(anonymous_9)
FNF:10
FNH:8
FNDA:1,add
FNDA:1,subtract
FNDA:1,multiply
FNDA:0,divide
FNDA:0,myFunction
FNDA:1,fetchData
FNDA:1,(anonymous_6)
FNDA:1,fetchPromise
FNDA:1,(anonymous_8)
FNDA:1,(anonymous_9)
DA:3,1
DA:8,1
DA:13,1
DA:18,0
DA:19,0
DA:23,0
DA:24,0
DA:29,1
DA:30,1
DA:35,1
DA:36,1
DA:41,1
LF:12
LH:8
BRDA:18,0,0,0
BRDA:18,0,1,0
BRDA:23,1,0,0
BRDA:23,1,1,0
BRF:4
BRH:0
end_of_record
